Determining if the pthread_create exist failed with the following output:
Change Dir: /home/aldwinakbar/Dropbox/Projects/campus/team/TRUI/amvui2015/AI/build/CMakeFiles/CMakeTmp

Run Build Command:/usr/bin/make "cmTryCompileExec1762773457/fast"
/usr/bin/make -f CMakeFiles/cmTryCompileExec1762773457.dir/build.make CMakeFiles/cmTryCompileExec1762773457.dir/build
make[1]: Entering directory `/home/aldwinakbar/Dropbox/Projects/campus/team/TRUI/amvui2015/AI/build/CMakeFiles/CMakeTmp'
/usr/bin/cmake -E cmake_progress_report /home/aldwinakbar/Dropbox/Projects/campus/team/TRUI/amvui2015/AI/build/CMakeFiles/CMakeTmp/CMakeFiles 1
Building C object CMakeFiles/cmTryCompileExec1762773457.dir/CheckSymbolExists.c.o
/usr/bin/cc    -o CMakeFiles/cmTryCompileExec1762773457.dir/CheckSymbolExists.c.o   -c /home/aldwinakbar/Dropbox/Projects/campus/team/TRUI/amvui2015/AI/build/CMakeFiles/CMakeTmp/CheckSymbolExists.c
Linking C executable cmTryCompileExec1762773457
/usr/bin/cmake -E cmake_link_script CMakeFiles/cmTryCompileExec1762773457.dir/link.txt --verbose=1
/usr/bin/cc       CMakeFiles/cmTryCompileExec1762773457.dir/CheckSymbolExists.c.o  -o cmTryCompileExec1762773457 -rdynamic 
CMakeFiles/cmTryCompileExec1762773457.dir/CheckSymbolExists.c.o: In function `main':
CheckSymbolExists.c:(.text+0x16): undefined reference to `pthread_create'
collect2: error: ld returned 1 exit status
make[1]: Leaving directory `/home/aldwinakbar/Dropbox/Projects/campus/team/TRUI/amvui2015/AI/build/CMakeFiles/CMakeTmp'
make[1]: *** [cmTryCompileExec1762773457] Error 1
make: *** [cmTryCompileExec1762773457/fast] Error 2

File /home/aldwinakbar/Dropbox/Projects/campus/team/TRUI/amvui2015/AI/build/CMakeFiles/CMakeTmp/CheckSymbolExists.c:
/* */
#include <pthread.h>

int main(int argc, char** argv)
{
  (void)argv;
#ifndef pthread_create
  return ((int*)(&pthread_create))[argc];
#else
  (void)argc;
  return 0;
#endif
}

Determining if the function pthread_create exists in the pthreads failed with the following output:
Change Dir: /home/aldwinakbar/Dropbox/Projects/campus/team/TRUI/amvui2015/AI/build/CMakeFiles/CMakeTmp

Run Build Command:/usr/bin/make "cmTryCompileExec3923757978/fast"
/usr/bin/make -f CMakeFiles/cmTryCompileExec3923757978.dir/build.make CMakeFiles/cmTryCompileExec3923757978.dir/build
make[1]: Entering directory `/home/aldwinakbar/Dropbox/Projects/campus/team/TRUI/amvui2015/AI/build/CMakeFiles/CMakeTmp'
/usr/bin/cmake -E cmake_progress_report /home/aldwinakbar/Dropbox/Projects/campus/team/TRUI/amvui2015/AI/build/CMakeFiles/CMakeTmp/CMakeFiles 1
Building C object CMakeFiles/cmTryCompileExec3923757978.dir/CheckFunctionExists.c.o
/usr/bin/cc   -DCHECK_FUNCTION_EXISTS=pthread_create   -o CMakeFiles/cmTryCompileExec3923757978.dir/CheckFunctionExists.c.o   -c /usr/share/cmake-2.8/Modules/CheckFunctionExists.c
Linking C executable cmTryCompileExec3923757978
/usr/bin/cmake -E cmake_link_script CMakeFiles/cmTryCompileExec3923757978.dir/link.txt --verbose=1
/usr/bin/cc   -DCHECK_FUNCTION_EXISTS=pthread_create    CMakeFiles/cmTryCompileExec3923757978.dir/CheckFunctionExists.c.o  -o cmTryCompileExec3923757978 -rdynamic -lpthreads 
/usr/bin/ld: cannot find -lpthreads
collect2: error: ld returned 1 exit status
make[1]: Leaving directory `/home/aldwinakbar/Dropbox/Projects/campus/team/TRUI/amvui2015/AI/build/CMakeFiles/CMakeTmp'
make[1]: *** [cmTryCompileExec3923757978] Error 1
make: *** [cmTryCompileExec3923757978/fast] Error 2


